commit 9d2ac4b9
Author: Shane P Drafahl <sdrafahl@iastate.edu>
Date:   Thu Nov 10 00:06:34 2016 -0600

     commented out picking up ability from npc

 ShaneDrafahl | Bin 950257 -> 910825 bytes
 monster.cpp  | 197 ++++++++++++++++++++++++++++++-----------------------------
 2 files changed, 100 insertions(+), 97 deletions(-)

commit 98fbfd3a
Author: Shane P Drafahl <sdrafahl@iastate.edu>
Date:   Wed Nov 9 23:27:19 2016 -0600

    Added colors, items to pick up, and correct monster generation

 Makefile           |   3 +-
 ShaneDrafahl       | Bin 797494 -> 950257 bytes
 cleanSlate.bash    |   2 +
 dungeonGame327.cpp |   2 +-
 gameMap.h          |   7 +-
 knowledgeMap.cpp   |   2 +-
 mapInit.cpp        | 127 +++++++++++++++++++++++++++---------
 monster.cpp        | 185 ++++++++++++++++++++++++++++++++++++++++++++---------
 monsterFactory.cpp |  18 +++++-
 monsterFactory.h   |   8 ++-
 monstruct.h        |   6 +-
 normMonsS.h        |   6 +-
 npcParser.cpp      |   7 +-
 objectManager.cpp  | 119 ++++++++++++++++++++++++++++++++++
 objectManager.h    |  34 ++++++++++
 objectParser.h     |   7 +-
 pcio.cpp           |  43 ++++++-------
 17 files changed, 472 insertions(+), 104 deletions(-)

commit 331cc3a2
Author: Shane P Drafahl <sdrafahl@iastate.edu>
Date:   Mon Nov 7 21:18:21 2016 -0600

    Manage to correctly launch the game with rendering issues

 ShaneDrafahl       | Bin 794742 -> 797494 bytes
 cleanSlate.bash    |   3 ++-
 dungeonGame327.cpp |   9 +++++----
 monsterFactory.cpp |   7 ++++---
 4 files changed, 11 insertions(+), 8 deletions(-)

commit debdd188
Author: Shane P Drafahl <sdrafahl@iastate.edu>
Date:   Mon Nov 7 16:13:09 2016 -0600

    Achieved complilation

 ShaneDrafahl       | Bin 0 -> 794742 bytes
 cleanSlate.bash    |   3 ++-
 dungeonGame327.cpp |  14 ++++++------
 gameMap.h          |  10 ++++----
 mapInit.cpp        |   3 ++-
 monster.cpp        |  66 ++---------------------------------------------------
 monsterFactory.cpp |  48 ++++++++++++++++++++------------------
 monsterFactory.h   |   4 +++-
 npcParser.cpp      |   8 +++----
 npcParser.h        |  22 ++++++++++--------
 objectParser.cpp   |   8 +++----
 objectParser.h     |   5 +++-
 pcio.cpp           |  10 +++-----
 13 files changed, 76 insertions(+), 125 deletions(-)

commit 0a839441
Author: Shane P Drafahl <sdrafahl@iastate.edu>
Date:   Mon Nov 7 13:58:54 2016 -0600

    Modified code to take monsters from monster factory

 Makefile           |  3 ++-
 mapInit.cpp        | 16 ++--------------
 monsterFactory.cpp |  5 ++---
 monsterFactory.h   |  6 ++----
 npcParser.cpp      | 15 ++++++++++++---
 npcParser.h        |  3 +++
 objectParser.cpp   | 12 ++++++++++--
 7 files changed, 33 insertions(+), 27 deletions(-)

commit e3d9dc73
Author: Shane P Drafahl <sdrafahl@iastate.edu>
Date:   Sun Nov 6 21:29:00 2016 -0600

    Wrote code for monsterFactory class that will be able to generate monsters

 ShaneDrafahl       | Bin 357543 -> 0 bytes
 dungeonGame327.cpp |   4 +--
 gameMap.h          |  23 ++++++--------
 monsterFactory.cpp |  62 ++++++++++++++++++++++++++++++++++++++
 monsterFactory.h   |  23 ++++++++++++++
 npcParser.cpp      |  22 +++++++-------
 npcParser.h        |  19 ++++++++++--
 objectParser.cpp   |  86 +++++++++++++++++++++++++++++++++++++++++++++++++++--
 objectParser.h     |   2 +-
 9 files changed, 208 insertions(+), 33 deletions(-)

commit 14ae5b8a
Author: Shane P Drafahl <sdrafahl@iastate.edu>
Date:   Fri Nov 4 22:12:55 2016 -0500

    Added code to parse object description

 #Makefile#         |   9 ---------
 Makefile           |   3 ++-
 ShaneDrafahl       | Bin 0 -> 357543 bytes
 cleanSlate.bash    |   3 ++-
 dice.cpp           |  47 ++++++++++++++++++++++++++++++++++++++++++++++
 dice.h             |  22 ++++++++++++++++++++++
 dungeonGame327.cpp |   4 +++-
 npcParser.cpp      |  45 ++------------------------------------------
 npcParser.h        |  13 +------------
 objectParser.cpp   |  54 ++++++++++++++++-------------------------------------
 objectParser.h     |  21 +++++----------------
 11 files changed, 100 insertions(+), 121 deletions(-)

commit 3041b8b3
Author: Shane P Drafahl <sdrafahl@iastate.edu>
Date:   Fri Nov 4 20:33:18 2016 -0500

    Added code to parse for objects or items

 Makefile         |   3 +-
 descriptions.cpp | 968 -------------------------------------------------------
 descriptions.h   | 109 -------
 dice.cpp         |  30 --
 dice.h           |  55 ----
 objectParser.cpp | 625 +++++++++++++++++++++++++++++++++++
 objectParser.h   |  51 +++
 7 files changed, 678 insertions(+), 1163 deletions(-)

commit 63cd1231
Author: Shane P Drafahl <sdrafahl@iastate.edu>
Date:   Thu Nov 3 21:15:32 2016 -0500

    Added prof dice.cpp,dice.h,description.cpp,description.h for parsing items

 CHANGELOG        |  72 +++++
 descriptions.cpp | 968 +++++++++++++++++++++++++++++++++++++++++++++++++++++++
 descriptions.h   | 109 +++++++
 dice.cpp         |  30 ++
 dice.h           |  55 ++++
 5 files changed, 1234 insertions(+)

commit af8f0a24
Author: Shane P Drafahl <sdrafahl@iastate.edu>
Date:   Wed Nov 2 20:05:12 2016 -0500

    added additional parsing features

 README.md     |  12 ++-------
 ShaneDrafahl  | Bin 343611 -> 0 bytes
 npcParser.cpp |  77 +++++++++++++++++++++++++++++++++++++++++++++++++---------
 3 files changed, 67 insertions(+), 22 deletions(-)

commit d2db39bc
Author: Shane P Drafahl <sdrafahl@iastate.edu>
Date:   Wed Nov 2 12:56:02 2016 -0500

    Added further parsing code

 ShaneDrafahl  | Bin 345518 -> 343611 bytes
 npcParser.cpp |  31 ++++++++++++++++++++++++++++++-
 2 files changed, 30 insertions(+), 1 deletion(-)

commit 1c04769e
Author: Shane P Drafahl <sdrafahl@iastate.edu>
Date:   Wed Nov 2 12:23:00 2016 -0500

    Added code for formated output to terminal

 ShaneDrafahl  | Bin 342662 -> 345518 bytes
 npcParser.cpp |  47 ++++++++++++++++++++++++++++++++++++++---------
 2 files changed, 38 insertions(+), 9 deletions(-)

commit 563d3c93
Author: Shane P Drafahl <sdrafahl@iastate.edu>
Date:   Tue Nov 1 13:37:05 2016 -0500

    added some code to take from .rlg327 file

 test.txt => .rlg327/test.txt |   2 +-
 ShaneDrafahl                 | Bin 340314 -> 342662 bytes
 npcParser.cpp                |  23 ++++++++++++++++++++---
 npcParser.h                  |   2 +-
 4 files changed, 22 insertions(+), 5 deletions(-)

commit 2be4190f
Author: Shane P Drafahl <sdrafahl@iastate.edu>
Date:   Tue Nov 1 12:14:06 2016 -0500

    added code to enable second level processing of data

 ShaneDrafahl  | Bin 0 -> 340314 bytes
 npcParser.cpp | 293 ++++++++++++++++++++++++++++++++++++----------------------
 npcParser.h   |  42 +++++----
 3 files changed, 205 insertions(+), 130 deletions(-)

commit ccd93f59
Author: Shane P Drafahl <sdrafahl@iastate.edu>
Date:   Tue Nov 1 01:57:53 2016 -0500

    added code for processing of information post parsing file

 npcParser.cpp | 187 ++++++++++++++++++++++++++++++++++++++++++++++++++++------
 npcParser.h   |  28 +++++++--
 test.txt      |  38 +++++++++---
 3 files changed, 223 insertions(+), 30 deletions(-)

commit 31326459
Author: Shane P Drafahl <sdrafahl@iastate.edu>
Date:   Mon Oct 31 18:30:46 2016 -0500

    Added code to be able to parse a txt file

 Makefile      |  2 +-
 mapInit.cpp   |  1 +
 npcParser.cpp | 34 ++++++++++++++++++++++++----------
 npcParser.h   |  5 ++---
 test.txt      | 12 ++++++++++++
 5 files changed, 40 insertions(+), 14 deletions(-)

commit 2d70e8bd
Author: Shane P Drafahl <sdrafahl@iastate.edu>
Date:   Mon Oct 31 15:15:21 2016 -0500

    Added terminal output

 npcParser.cpp | 6 ++++++
 1 file changed, 6 insertions(+)

commit afe37281
Author: Shane P Drafahl <sdrafahl@iastate.edu>
Date:   Sun Oct 30 23:14:11 2016 -0500

    added additional code to parser

 npcParser.cpp | 81 +++++++++++++++++++++++++++++++++++++++++++++++------------
 1 file changed, 65 insertions(+), 16 deletions(-)

commit d04a46eb
Author: Shane P Drafahl <sdrafahl@iastate.edu>
Date:   Sun Oct 30 16:21:57 2016 -0500

    added validSyntax function

 npcParser.cpp | 50 ++++++++++++++++++++++++++++++++++++++++++++++++--
 npcParser.h   |  2 +-
 2 files changed, 49 insertions(+), 3 deletions(-)

commit 9037f2fa
Author: Shane P Drafahl <sdrafahl@iastate.edu>
Date:   Sun Oct 30 16:09:45 2016 -0500

    Added layout for parser code

 .vscode/settings.json |   3 +
 Makefile              |   4 +-
 backup.log            |   4 +
 cleanSlate.bash       |   3 +-
 dungeonGame327.cpp    |  19 ++--
 gameMap.h             |   1 -
 knowledgeMap.cpp      |   3 +-
 mapInit.cpp           |  11 +-
 mons.cpp              | 274 --------------------------------------------------
 mons.h                |  79 ---------------
 monster.cpp           |   8 +-
 npcParser.cpp         |  52 ++++++++++
 npcParser.h           |  21 ++++
 test.txt              |  16 +++
 testdisk.log          | 163 ++++++++++++++++++++++++++++++
 15 files changed, 284 insertions(+), 377 deletions(-)

commit f2544c67
Author: Shane P Drafahl <sdrafahl@iastate.edu>
Date:   Sat Oct 29 14:35:09 2016 -0500

    Changed C code to C++

 CHANGELOG                              | 139 ++++++++++++++++++++++++++++++++-
 Makefile                               |  12 +--
 ShaneDrafahl                           | Bin 140919 -> 0 bytes
 dungeonGame327.c => dungeonGame327.cpp |   0
 heap.c => heap.cpp                     |   0
 mapInit.c => mapInit.cpp               |   0
 monster.c => monster.cpp               |   0
 pcio.c => pcio.cpp                     |   0
 8 files changed, 141 insertions(+), 10 deletions(-)

commit 234cde8b
Author: Shane P Drafahl <sdrafahl@iastate.edu>
Date:   Wed Oct 26 19:31:44 2016 -0500

    re-added comandline functionality

 ShaneDrafahl     | Bin 140869 -> 140919 bytes
 cleanSlate.bash  |   3 ++-
 dungeonGame327.c |   4 ++--
 3 files changed, 4 insertions(+), 3 deletions(-)

commit c7c154bc
Author: Shane P Drafahl <sdrafahl@iastate.edu>
Date:   Wed Oct 26 14:28:25 2016 -0500

    added fog of war for enemies and for the map

 ShaneDrafahl     | Bin 139965 -> 140869 bytes
 knowledgeMap.cpp |  14 ++++++++------
 mapInit.c        |  12 ++++++++----
 3 files changed, 16 insertions(+), 10 deletions(-)

commit b941b18c
Author: Shane P Drafahl <sdrafahl@iastate.edu>
Date:   Wed Oct 26 02:01:57 2016 -0500

    Got started on most of fog of war code, almost complete

 Makefile         |   3 ++-
 ShaneDrafahl     | Bin 0 -> 139965 bytes
 gameMap.h        |   1 +
 knowledgeMap.cpp |  61 +++++++++++++++++++++++++++++++++++++++++++++++++++++++
 knowledgeMap.h   |  34 +++++++++++++++++++++++++++++++
 mapInit.c        |  15 +++++++++++++-
 6 files changed, 112 insertions(+), 2 deletions(-)

commit da609de0
Author: Shane P Drafahl <sdrafahl@iastate.edu>
Date:   Tue Oct 25 22:59:16 2016 -0500

    Game works, added interface between c++ and c and vice versa for the MonsterClass to work correctly, need to add fog of war next

 Makefile  |  4 ++--
 gameMap.h | 24 +++++++++++++++++++--
 mapInit.c | 33 ++++++++++++-----------------
 mons.cpp  | 56 ++++++++++++++++++++++++++++++++++++++-----------
 mons.h    | 71 ++++++++++++++++++++++++++++++++++++++-------------------------
 monster.c | 10 ++++++---
 6 files changed, 131 insertions(+), 67 deletions(-)

commit 972958e5
Author: Shane P Drafahl <sdrafahl@iastate.edu>
Date:   Tue Oct 25 14:43:29 2016 -0500

    finnished cpp file so now that it compiles, yet to integrate it into c code and add fog of war

 Makefile        |  6 ++--
 cleanSlate.bash |  3 +-
 gameMap.h       | 16 ++++-------
 heap.c          | 14 +++++-----
 heap.h          |  4 +--
 mapInit.c       |  7 ++---
 mons.cpp        | 87 +++++++++++++++++++++++++++------------------------------
 mons.h          | 27 +++---------------
 monster.c       | 18 ++++++------
 pcio.c          |  2 +-
 10 files changed, 78 insertions(+), 106 deletions(-)

commit 81c4d7b6
Author: Shane P Drafahl <sdrafahl@iastate.edu>
Date:   Mon Oct 24 21:30:49 2016 -0500

    updated makefile

 Makefile | 5 ++---
 1 file changed, 2 insertions(+), 3 deletions(-)

commit ab3a37df
Author: Shane P Drafahl <sdrafahl@iastate.edu>
Date:   Mon Oct 24 21:12:03 2016 -0500

    added some c interface functions

 Makefile    |  5 ++--
 gameMap.h   | 10 ++++----
 mapInit.c   |  7 +++++-
 mons.cpp    | 79 +++++++++++++++++++++++++++++++++++++++++--------------------
 mons.h      | 30 +++++++++++++++++++++++
 monster.c   |  2 +-
 monstruct.h |  1 +
 normMonsS.h |  1 +
 8 files changed, 101 insertions(+), 34 deletions(-)

commit 5ea8c0ed
Author: Shane P Drafahl <sdrafahl@iastate.edu>
Date:   Mon Oct 24 11:10:54 2016 -0500

    progress on MonsterClass and c interface functions

 CHANGELOG           |  86 ++------------------
 Makefile            |   1 +
 README.md           |   3 +-
 cleanSlate.bash     |   3 +-
 gameMap.h           |  79 +++++++------------
 mons.cpp            | 220 ++++++++++++++++++++++++++++++++++++++++++++++++++++
 monster.h => mons.h |  29 ++++---
 monster.c           |  71 ++++++++---------
 monster.cpp         | 183 -------------------------------------------
 monstruct.h         |  21 +++++
 normMonsS.h         |  21 +++++
 11 files changed, 350 insertions(+), 367 deletions(-)

commit 99ed196d
Author: Shane P Drafahl <sdrafahl@iastate.edu>
Date:   Fri Oct 21 19:26:26 2016 -0500

    Created most of monster.cpp file

 CHANGELOG    |  86 ++++++++++++++++++++++++++--
 README.md    |   3 +-
 ShaneDrafahl | Bin 109940 -> 0 bytes
 gameMap.h    |  44 ++++++++------
 monster.c    |  71 ++++++++++-------------
 monster.cpp  | 183 +++++++++++++++++++++++++++++++++++++++++++++++++++++++++++
 monster.h    |  48 ++++++++++++++++
 7 files changed, 371 insertions(+), 64 deletions(-)

commit 2cc6399f
Author: Shane P Drafahl <sdrafahl@iastate.edu>
Date:   Wed Oct 19 17:51:46 2016 -0500

    Changed UI to be cleaner and fixed memmory corruption issues

 ShaneDrafahl | Bin 0 -> 109940 bytes
 gameMap.h    |   2 +-
 mapInit.c    |  29 ++++++++++++------------
 monster.c    |   1 +
 pcio.c       |  72 ++++++++++++++++++++++++++++++++++++-----------------------
 5 files changed, 61 insertions(+), 43 deletions(-)

commit fec57eb3
Author: Shane P Drafahl <sdrafahl@iastate.edu>
Date:   Tue Oct 18 19:41:07 2016 -0500

    Found work around for starting the game

 ShaneDrafahl     | Bin 108683 -> 0 bytes
 dungeonGame327.c |  10 ++++++++++
 mapInit.c        |  10 +++++-----
 pcio.c           |  37 +++++++++++++++----------------------
 4 files changed, 30 insertions(+), 27 deletions(-)

commit 1a079f20
Author: Shane P Drafahl <sdrafahl@iastate.edu>
Date:   Tue Oct 18 10:36:45 2016 -0500

    scrolling functionality works better

 Password         |   0
 ShaneDrafahl     | Bin 107684 -> 108683 bytes
 dungeonGame327.c |   2 +-
 pcio.c           |  43 +++++++++++++++++++++++++++++++++----------
 4 files changed, 34 insertions(+), 11 deletions(-)

commit cc8d855a
Author: Shane P Drafahl <sdrafahl@iastate.edu>
Date:   Mon Oct 17 15:14:44 2016 -0500

    added room for messages at top of the screen

 ShaneDrafahl | Bin 107596 -> 107684 bytes
 mapInit.c    |  15 ++++++---------
 2 files changed, 6 insertions(+), 9 deletions(-)

commit f53c58e2
Author: Shane P Drafahl <sdrafahl@iastate.edu>
Date:   Mon Oct 17 14:49:53 2016 -0500

    Got game to print list of monsters and reprint the map to terminal correctly

 ShaneDrafahl     | Bin 0 -> 107596 bytes
 dungeonGame327.c |   2 +-
 pcio.c           |  88 ++++++++++++++++++++++++++++++++-----------------------
 3 files changed, 52 insertions(+), 38 deletions(-)

commit a513571c
Author: Shane P Drafahl <sdrafahl@iastate.edu>
Date:   Sun Oct 16 15:32:55 2016 -0500

    Rest functionality works

 dungeonGame327.c | 2 +-
 pcio.c           | 9 ++++++---
 2 files changed, 7 insertions(+), 4 deletions(-)

commit 4d405e10
Author: Shane P Drafahl <sdrafahl@iastate.edu>
Date:   Sun Oct 16 02:03:51 2016 -0500

    I have gotten basic movement to work and movement from one level to the next, next I may work on more UI features

 ShaneDrafahl     | Bin 106552 -> 0 bytes
 dungeonGame327.c |   2 +-
 mapInit.c        |  22 +++++++++++---------
 monster.c        |  32 ++++++++++++++---------------
 pcio.c           |  60 +++++++++++++++++++++++++++++++------------------------
 5 files changed, 64 insertions(+), 52 deletions(-)

commit bae9632d
Author: Shane P Drafahl <sdrafahl@iastate.edu>
Date:   Sat Oct 15 11:10:15 2016 -0500

    fixed compiler issues

 ShaneDrafahl | Bin 0 -> 106552 bytes
 gameMap.h    |   2 +-
 mapInit.c    |   2 +-
 monster.c    |   4 ++-
 pcio.c       |  88 +++++++++++++++++++++++++++++++++++------------------------
 5 files changed, 57 insertions(+), 39 deletions(-)

commit 19857fc2
Author: Shane P Drafahl <sdrafahl@iastate.edu>
Date:   Sat Oct 15 09:34:39 2016 -0500

    fixed case statement

 Makefile        |   3 +-
 cleanSlate.bash |   3 +-
 gameMap.h       |   4 +-
 mapInit.c       |   8 +--
 monster.c       |   2 +-
 pcio.c          | 180 ++++++++++++++++++++++++++++++++++++++------------------
 6 files changed, 135 insertions(+), 65 deletions(-)

commit b9b55091
Author: Shane P Drafahl <sdrafahl@iastate.edu>
Date:   Fri Oct 14 16:57:03 2016 -0500

    UI code

 gameMap.h |  4 +++-
 mapInit.c | 29 ++++++++++++++---------------
 pcio.c    | 32 +++++++++++++++++++++++++++++---
 3 files changed, 46 insertions(+), 19 deletions(-)

commit c1a41cdf
Author: Shane P Drafahl <sdrafahl@iastate.edu>
Date:   Fri Oct 14 15:41:48 2016 -0500

    Added code to enable pc control

 gameMap.h |   4 +-
 mapInit.c |  60 +++++++++++++++++++++++-----
 pcio.c    | 135 ++++++++++++++++++++++++++++++++++++++++++++++++++++++++++----
 3 files changed, 181 insertions(+), 18 deletions(-)

commit d33f12b3
Author: Shane P Drafahl <sdrafahl@iastate.edu>
Date:   Fri Oct 14 12:06:00 2016 -0500

    added pcio.c file for pc control

 gameMap.h |  2 ++
 pcio.c    | 43 +++++++++++++++++++++++++++++++++++++++++++
 2 files changed, 45 insertions(+)

commit d1eb8832
Author: Shane P Drafahl <sdrafahl@iastate.edu>
Date:   Thu Oct 13 20:12:02 2016 -0500

    Removed unsupported features and I now use ncurses display functions

 CHANGELOG        | 122 ++++++++++++++++++++++++++++
 Makefile         |  10 +--
 README.md        |   2 +
 dungeonGame327.c |  49 +++++-------
 dungeonGame327.h |   2 +-
 gameMap.h        |   6 +-
 mapInit.c        | 237 +++++++------------------------------------------------
 monster.c        |  64 ++++++++++-----
 8 files changed, 228 insertions(+), 264 deletions(-)

commit 8d7bbc4d
Author: Shane P Drafahl <sdrafahl@iastate.edu>
Date:   Wed Oct 5 10:55:13 2016 -0500

    almost ready for release, fixed some bugs,basic testing left to determine if everythin works correctly

 ShaneDrafahl     | Bin 979000 -> 0 bytes
 dungeonGame327.c |   3 +--
 mapInit.c        |  11 ++---------
 3 files changed, 3 insertions(+), 11 deletions(-)

commit 060c8102
Author: Shane P Drafahl <sdrafahl@iastate.edu>
Date:   Wed Oct 5 01:02:19 2016 -0500

    Fixed most bugs as far as I can tell,behavior is improved, I always tell the truth,Even when I lie.

 Makefile         |   2 +-
 ShaneDrafahl     | Bin 965622 -> 979000 bytes
 dungeonGame327.c |   2 +-
 gameMap.h        |   4 +-
 mapInit.c        |  75 +++++----
 monster.c        | 484 ++++++++++++++++++++++++++++---------------------------
 6 files changed, 296 insertions(+), 271 deletions(-)

commit c69eca0b
Author: Shane P Drafahl <sdrafahl@iastate.edu>
Date:   Tue Oct 4 10:51:23 2016 -0500

    Fixed the rendering of the game map, program demonstrates basic interaction

 #Makefile#       |   9 +++
 Makefile         |   2 +-
 ShaneDrafahl     | Bin 0 -> 965622 bytes
 dungeonGame327.c |  10 ++-
 gameMap.h        |  11 +--
 heap.c           |   4 +-
 heap.h           |   1 +
 heap2.c          | 184 ----------------------------------------------
 heap2.h          |  43 -----------
 mapInit.c        | 219 ++++++++++++++++++++++++++++++++++++++++++++++---------
 monster.c        | 138 +++++++++++++++++++----------------
 11 files changed, 288 insertions(+), 333 deletions(-)

commit 674575bf
Author: Shane P Drafahl <sdrafahl@iastate.edu>
Date:   Mon Oct 3 12:46:30 2016 -0500

    compiler issues resolved, segmentation faults to fix

 Makefile         |   2 -
 cleanSlate.bash  |   3 +-
 dungeonGame327.c |   8 +-
 dungeonGame327.h |   2 +-
 mapInit.c        |   2 +
 monster.c        | 241 +++++++++++++++++++++++++++----------------------------
 6 files changed, 127 insertions(+), 131 deletions(-)

commit d0a0d728
Author: Shane P Drafahl <sdrafahl@iastate.edu>
Date:   Sun Oct 2 20:42:52 2016 -0500

    Did some bug fixes

 gameMap.h |  6 +++---
 mapInit.c | 23 +++++++++++++----------
 mapInit.h | 33 ---------------------------------
 monster.c | 23 ++++++++++++-----------
 monster.h | 23 -----------------------
 5 files changed, 28 insertions(+), 80 deletions(-)

commit 056cdac8
Author: Shane P Drafahl <sdrafahl@iastate.edu>
Date:   Sun Oct 2 18:42:29 2016 -0500

    Fixed some bugs and combined two .c files into gameMap.a library

 ShaneDrafahl     | Bin 924363 -> 0 bytes
 dungeonGame327.c |   2 +-
 gameMap.h        |  92 ++++++++++++++++++++++++++++
 mapInit.c        | 181 ++++++-------------------------------------------------
 mapInit.h        |   1 +
 monster.c        |  59 ++++--------------
 monster.h        |   3 +-
 7 files changed, 128 insertions(+), 210 deletions(-)

commit cf51b1f9
Author: Shane P Drafahl <sdrafahl@iastate.edu>
Date:   Sun Oct 2 02:25:11 2016 -0500

    finnished with rough draft of code

 dungeonGame327.c | 11 +++-----
 mapInit.c        | 79 +++++++++++++++++++++++++++++++++++++++++++++++++++++---
 mapInit.h        |  6 +++--
 monster.c        | 17 ++++++++++++
 monster.h        |  4 ++-
 5 files changed, 102 insertions(+), 15 deletions(-)

commit c1b14424
Author: Shane P Drafahl <sdrafahl@iastate.edu>
Date:   Sun Oct 2 00:08:55 2016 -0500

    Makefile changes

 Makefile     |   7 +++++--
 ShaneDrafahl | Bin 0 -> 924363 bytes
 2 files changed, 5 insertions(+), 2 deletions(-)

commit 8c00d898
Author: Shane P Drafahl <sdrafahl@iastate.edu>
Date:   Sat Oct 1 12:42:33 2016 -0500

    Finnished most of monster.c file

 monster.c | 217 +++++++++++++++++++++++++++++++++++++++++++++++++++++---------
 1 file changed, 188 insertions(+), 29 deletions(-)

commit ac296339
Author: Shane P Drafahl <sdrafahl@iastate.edu>
Date:   Sat Oct 1 02:09:19 2016 -0500

    Lots of work on monster.c file in general, working on adding paths for the smart monsters

 monster.c | 427 +++++++++++++++++++++++++++++++++++++++++++++++++++++++++-----
 1 file changed, 398 insertions(+), 29 deletions(-)

commit 8db9e7e1
Author: Shane P Drafahl <sdrafahl@iastate.edu>
Date:   Fri Sep 30 23:42:04 2016 -0500

    upgraded scanning, you require more vespene gas

 monster.c | 17 ++++++++---------
 1 file changed, 8 insertions(+), 9 deletions(-)

commit b71445b3
Author: Shane P Drafahl <sdrafahl@iastate.edu>
Date:   Fri Sep 30 23:25:28 2016 -0500

    Added proper tunnle algorithm

 mapInit.c |  10 -
 monster.c | 665 +++++++++++++++++++++++++++++++++++++++++++++++++++++++-------
 2 files changed, 594 insertions(+), 81 deletions(-)

commit 06957c21
Author: Shane P Drafahl <sdrafahl@iastate.edu>
Date:   Fri Sep 30 17:57:51 2016 -0500

    Added kill functionality to movement functions

 monster.c | 60 +++++++++++++++++++++++++++++++++++++++++++++++++++++++-----
 1 file changed, 55 insertions(+), 5 deletions(-)

commit c1df57e0
Author: Shane P Drafahl <sdrafahl@iastate.edu>
Date:   Thu Sep 29 23:39:50 2016 -0500

    I got started on performAction function

 monster.c | 25 +++++++++++++++++++------
 1 file changed, 19 insertions(+), 6 deletions(-)

commit d54b09e4
Author: Shane P Drafahl <sdrafahl@iastate.edu>
Date:   Thu Sep 29 22:15:40 2016 -0500

    Created scanArea function

 monster.c | 234 ++++++++++++++++++++++++++++++++++++++++++++++++++++++++++----
 monster.h |   5 +-
 2 files changed, 223 insertions(+), 16 deletions(-)

commit cffb8f09
Author: Shane P Drafahl <sdrafahl@iastate.edu>
Date:   Thu Sep 29 20:01:18 2016 -0500

    Added second heap to program

 heap2.c | 184 ++++++++++++++++++++++++++++++++++++++++++++++++++++++++++++++++
 heap2.h |  43 +++++++++++++++
 2 files changed, 227 insertions(+)

commit 11455507
Author: Shane P Drafahl <sdrafahl@iastate.edu>
Date:   Thu Sep 29 19:58:30 2016 -0500

    Added some more functionality to the monster library

 monster.c | 64 +++++++++++++++++++++++++++++++++++++++------------------------
 monster.h | 21 ++++++++++++---------
 2 files changed, 52 insertions(+), 33 deletions(-)

commit d60a025f
Author: Shane P Drafahl <sdrafahl@iastate.edu>
Date:   Thu Sep 29 00:44:04 2016 -0500

    Did some more work on monster.c

 monster.c | 58 +++++++++++++++++++++++++++++++++++++++++++++++++++++++---
 1 file changed, 55 insertions(+), 3 deletions(-)

commit 1dcc371e
Author: Shane P Drafahl <sdrafahl@iastate.edu>
Date:   Wed Sep 28 21:32:55 2016 -0500

    Added monster.c and monster.h to be a new library for mapInit library

 dungeonGame327.c |  22 +++++---
 dungeonGame327.h |   3 ++
 mapInit.c        |  10 +---
 monster.c        | 162 +++++++++++++++++++++++++++++++++++++++++++++++++++++++
 monster.h        |  14 +++++
 5 files changed, 197 insertions(+), 14 deletions(-)

commit 7779a6d3
Author: Shane P Drafahl <sdrafahl@iastate.edu>
Date:   Mon Sep 26 14:30:35 2016 -0500

    updated changelog

 CHANGELOG | 104 +++++++++++++++++++++++++++++++++++++++++++++++++++++++++++++-
 1 file changed, 103 insertions(+), 1 deletion(-)

commit c260c6d3
Author: Shane P Drafahl <sdrafahl@iastate.edu>
Date:   Mon Sep 26 14:27:12 2016 -0500

    Finall touches

 ShaneDrafahl | Bin 926380 -> 0 bytes
 gitignore    |   3 +++
 mapInit.c    |   4 ++--
 3 files changed, 5 insertions(+), 2 deletions(-)

commit e29abcb4
Author: Shane P Drafahl <sdrafahl@iastate.edu>
Date:   Sun Sep 25 16:15:14 2016 -0500

    reconfigured printing functions and search algorithm with correct weights and added function static int getWeight(int num)

 ShaneDrafahl     | Bin 925396 -> 926380 bytes
 dungeonGame327.c |   2 ++
 mapInit.c        |  97 ++++++++++++++++++++++++++++++++++++++++++-------------
 mapInit.h        |   5 +--
 4 files changed, 79 insertions(+), 25 deletions(-)

commit 7f8b0420
Merge: 7ac7953f 0da293b8
Author: Shane P Drafahl <sdrafahl@iastate.edu>
Date:   Sun Sep 25 02:25:58 2016 -0500

    merge

commit 7ac7953f
Author: Shane P Drafahl <sdrafahl@iastate.edu>
Date:   Sun Sep 25 02:17:46 2016 -0500

    moved stuff around

 .gitignore                    |   2 +
 .vscode/.browse.VC.db         | Bin 0 -> 233472 bytes
 .vscode/c_cpp_properties.json |  99 +++++
 .vscode/launch.json           |  48 +++
 CHANGELOG                     | 109 ++++++
 Makefile                      |   8 +
 Makefile~                     |   4 +
 README.md                     |  11 +
 cleanSlate.bash               |   5 +
 core                          | Bin 0 -> 344064 bytes
 debug.bash                    |   1 +
 dungeonGame327.c              |  46 +++
 heap.c                        | 184 ++++++++++
 heap.h                        |  43 +++
 install.bash                  |   1 +
 mapInit.c                     | 816 ++++++++++++++++++++++++++++++++++++++++++
 mapInit.h                     |  29 ++
 17 files changed, 1406 insertions(+)

commit 0da293b8
Author: Shane P Drafahl <sdrafahl@iastate.edu>
Date:   Sun Sep 25 00:11:03 2016 -0500

    Did some work on analyzeDistancesPlus

 ShaneDrafahl | Bin 922021 -> 923052 bytes
 mapInit.c    | 140 +++++++++++++++++++++++++++++++++++++++++++++++++++++++++--
 2 files changed, 136 insertions(+), 4 deletions(-)

commit fa3f6ed3
Author: Shane P Drafahl <sdrafahl@iastate.edu>
Date:   Sat Sep 24 15:43:14 2016 -0500

    Distances are correct for non tunnling monseters

 ShaneDrafahl | Bin 922879 -> 922021 bytes
 mapInit.c    |  18 +++++++++++++-----
 2 files changed, 13 insertions(+), 5 deletions(-)

commit fa5288a1
Author: Shane P Drafahl <sdrafahl@iastate.edu>
Date:   Sat Sep 24 15:07:01 2016 -0500

    added function getAsci(int num)

 ShaneDrafahl | Bin 922085 -> 922879 bytes
 mapInit.c    |   7 ++-----
 2 files changed, 2 insertions(+), 5 deletions(-)

commit 945beec8
Author: Shane P Drafahl <sdrafahl@iastate.edu>
Date:   Fri Sep 23 22:03:31 2016 -0500

    started working on correct assci rendering

 ShaneDrafahl | Bin 920989 -> 922085 bytes
 mapInit.c    |  58 +++++++++++++++++++++++++++++-----------------------------
 2 files changed, 29 insertions(+), 29 deletions(-)

commit 26c26bc2
Author: Shane P Drafahl <sdrafahl@iastate.edu>
Date:   Fri Sep 23 19:23:39 2016 -0500

    modification to asci rendering function

 ShaneDrafahl | Bin 920525 -> 920989 bytes
 mapInit.c    | 169 +++++++++++++++++++++++++++++++++++++----------------------
 2 files changed, 105 insertions(+), 64 deletions(-)

commit 3e95fa25
Author: Shane P Drafahl <sdrafahl@iastate.edu>
Date:   Wed Sep 21 10:19:52 2016 -0500

    able to print most distances but mising entire rooms and doesnt seem to get data from the heap, I also noticed that the initial cursor from the heap never changes coordinates

 ShaneDrafahl     | Bin 909528 -> 920525 bytes
 dungeonGame327.c |   2 +-
 heap.c           |   1 +
 heap.h           |   3 ++-
 mapInit.c        |  72 ++++++++++++++++++++++++++++++-------------------------
 5 files changed, 43 insertions(+), 35 deletions(-)

commit 22fd0451
Author: Shane P Drafahl <sdrafahl@iastate.edu>
Date:   Wed Sep 21 00:00:44 2016 -0500

    wrote most of BFS and function to print the graph with distances

 ShaneDrafahl     | Bin 0 -> 909528 bytes
 cleanSlate.bash  |   4 +-
 dungeonGame327.c |   3 +-
 heap.c           | 196 -------------------------------------------------------
 mapInit.c        | 187 ++++++++++++++++++++++++++++++++++++++++------------
 mapInit.h        |   3 +-
 6 files changed, 150 insertions(+), 243 deletions(-)

commit 47493966
Author: Shane P Drafahl <sdrafahl@iastate.edu>
Date:   Tue Sep 20 12:06:16 2016 -0500

    changed code for analyzeDistance in new direction

 Makefile            |   6 +-
 dungeonGame327.c    |   2 +-
 binheap.c => heap.c |  58 ++++++----------
 binheap.h => heap.h |  25 ++++---
 mapInit.c           | 191 +++++++++++++++++-----------------------------------
 mapInit.h           |  10 ++-
 6 files changed, 106 insertions(+), 186 deletions(-)

commit c20aa7f5
Author: Shane P Drafahl <sdrafahl@iastate.edu>
Date:   Tue Sep 20 00:51:23 2016 -0500

    removed compiler issues, might change code out so commiting now

 ShaneDrafahl     | Bin 907205 -> 0 bytes
 binheap.c        |  52 +++++++++-----
 binheap.h        |  25 +++----
 cleanSlate.bash  |   2 +
 dungeonGame327.c |   9 +--
 mapInit.c        | 214 ++++++++++++++++++++++++++++++++++++++++++-------------
 mapInit.h        |   5 +-
 7 files changed, 222 insertions(+), 85 deletions(-)

commit 8b41d94f
Author: Shane P Drafahl <sdrafahl@iastate.edu>
Date:   Mon Sep 19 14:34:28 2016 -0500

    added distanceGrid

 ShaneDrafahl     | Bin 907181 -> 907205 bytes
 dungeonGame327.c |   3 ---
 mapInit.c        |  24 +++++-------------------
 mapInit.h        |  15 +++++++++++++--
 4 files changed, 18 insertions(+), 24 deletions(-)

commit 9376c5f8
Author: Shane P Drafahl <drafahls@gmail.com>
Date:   Mon Sep 19 00:08:20 2016 -0500

    Added binheap library

 Makefile         |   2 +
 binheap.c        | 377 +++++++++++++++++++++++++++++++++++++++++++++++++++++++
 binheap.h        |  42 +++++++
 dungeonGame327.c |   2 +-
 4 files changed, 422 insertions(+), 1 deletion(-)

commit af3f67c3
Author: Shane P Drafahl <drafahls@gmail.com>
Date:   Sun Sep 18 23:49:13 2016 -0500

    some basic changes

 ShaneDrafahl     | Bin 0 -> 907181 bytes
 dungeonGame327.c |   4 ++--
 2 files changed, 2 insertions(+), 2 deletions(-)

commit d45c7c3c
Author: Shane P Drafahl <drafahls@gmail.com>
Date:   Fri Sep 16 16:26:06 2016 -0500

    removed comments

 CHANGELOG    | 109 +++++++++++++++++++++++++++++++++++++++++++++++++++++++++++
 README.md    |   2 ++
 ShaneDrafahl | Bin 907181 -> 0 bytes
 3 files changed, 111 insertions(+)

commit ca955489
Author: Shane P Drafahl <drafahls@gmail.com>
Date:   Wed Sep 14 21:37:11 2016 -0500

    finnal bug fixes

 ShaneDrafahl     | Bin 0 -> 907181 bytes
 dungeonGame327.c |   8 ++++----
 mapInit.c        |  58 +++++++++++++++++++++++++++++++++++++++++--------------
 3 files changed, 48 insertions(+), 18 deletions(-)

commit 0ced654d
Author: Shane P Drafahl <drafahls@gmail.com>
Date:   Wed Sep 14 19:15:01 2016 -0500

    bug fixes

 ShaneDrafahl     | Bin 908141 -> 0 bytes
 dungeonGame327.c |   6 ++--
 mapInit.c        |  98 +++++++++++++++++++++++++------------------------------
 3 files changed, 47 insertions(+), 57 deletions(-)

commit bdc2e70c
Author: Shane P Drafahl <drafahls@gmail.com>
Date:   Wed Sep 14 11:41:28 2016 -0500

    fixed bugs enabling the ability to load files

 ShaneDrafahl | Bin 0 -> 908141 bytes
 mapInit.c    | 131 ++++++++++++++++++++++++++++++++---------------------------
 2 files changed, 72 insertions(+), 59 deletions(-)

commit 62fa69f2
Author: Shane P Drafahl <drafahls@gmail.com>
Date:   Tue Sep 13 22:16:12 2016 -0500

    bug fixes

 .vscode/launch.json |   2 +-
 ShaneDrafahl        | Bin 906747 -> 0 bytes
 dungeonGame327.c    |  20 ++++----
 mapInit.c           | 138 +++++++++++++++++++++++++++++-----------------------
 4 files changed, 90 insertions(+), 70 deletions(-)

commit 610948f9
Author: Shane P Drafahl <drafahls@gmail.com>
Date:   Tue Sep 13 17:32:16 2016 -0500

    fixed some compiler issues

 Makefile         |   2 +-
 ShaneDrafahl     | Bin 0 -> 906747 bytes
 core             | Bin 0 -> 344064 bytes
 dungeonGame327.c |  37 +++++++++---
 mapInit.c        | 179 +++++++++++++++++++++++++++++++++++++++++++++++--------
 mapInit.h        |   3 +-
 6 files changed, 186 insertions(+), 35 deletions(-)

commit 2b06bc45
Author: Shane P Drafahl <drafahls@gmail.com>
Date:   Mon Sep 12 15:39:08 2016 -0500

    Removed warnings and added hardness to map

 .vscode/.browse.VC.db         | Bin 4096 -> 233472 bytes
 .vscode/.browse.VC.db-wal     | Bin 3061192 -> 0 bytes
 .vscode/c_cpp_properties.json |  99 ++++++++++++++++++++++++++++++++++++++++++
 dungeonGame327.c              |  10 ++---
 mapInit.c                     |  74 +++++++++++++++++--------------
 mapInit.h                     |   2 +-
 6 files changed, 147 insertions(+), 38 deletions(-)

commit 1d8a0d1d
Author: Shane P Drafahl <drafahls@gmail.com>
Date:   Mon Sep 12 00:10:42 2016 -0500

    started on saveGame function

 .vscode/.browse.VC.db     | Bin 225280 -> 4096 bytes
 .vscode/.browse.VC.db-shm | Bin 32768 -> 0 bytes
 .vscode/.browse.VC.db-wal | Bin 663352 -> 3061192 bytes
 dungeonGame327.c          |   9 ++++++++-
 mapInit.c                 |  14 ++++++++++++++
 mapInit.h                 |   7 +++++--
 6 files changed, 27 insertions(+), 3 deletions(-)

commit 0134f07c
Author: Shane P Drafahl <drafahls@gmail.com>
Date:   Sun Sep 11 21:50:04 2016 -0500

    Added left path and made print grid public

 ShaneDrafahl     | Bin 889111 -> 0 bytes
 dungeonGame327.c |   3 ++-
 mapInit.c        |  24 +++++++++++++-----------
 mapInit.h        |   1 +
 4 files changed, 16 insertions(+), 12 deletions(-)

commit 11590f5f
Author: Shane P Drafahl <drafahls@gmail.com>
Date:   Sun Sep 11 19:21:12 2016 -0500

    Made print grid public

 install.bash | 1 +
 1 file changed, 1 insertion(+)

commit 2113ed65
Author: Shane P Drafahl <drafahls@gmail.com>
Date:   Sun Sep 11 18:01:07 2016 -0500

    Added Connected path on left side of map

 README.md | 7 +++++++
 1 file changed, 7 insertions(+)

commit a10fc5cf
Author: Shane P Drafahl <drafahls@gmail.com>
Date:   Mon Sep 5 15:27:00 2016 -0500

    I have added paths in order to connect the different rooms together

 Makefile  |  7 +++----
 mapInit.c | 64 +++++++++++++++++++++++++++++++++++++++++++++++++++++++--------
 2 files changed, 59 insertions(+), 12 deletions(-)

commit a8e88d12
Author: Shane Drafahl <sdrafahl@iastate.edu>
Date:   Mon Sep 5 00:22:01 2016 -0500

    Create README.md

 README.md | 2 ++
 1 file changed, 2 insertions(+)

commit 5cba6a85
Author: Shane P Drafahl <drafahls@gmail.com>
Date:   Mon Sep 5 00:20:32 2016 -0500

    Modified collides function to make it work correctly, I also changed the Rooms to . from X, Also a few minor touches like correcting the size of the dungeon.

 mapInit.c | 114 +++++++++++++++++++++++++++++++++++++-------------------------
 1 file changed, 68 insertions(+), 46 deletions(-)

commit 784b9470
Author: Shane P Drafahl <drafahls@gmail.com>
Date:   Sun Sep 4 01:22:43 2016 -0500

    I did some work on initRooms and created the colides function that remains untested, currently does not display correct info but without memory issues or compilation issues

 mapInit.c | 167 +++++++++++++++++++++++++++++++++++++++++++++++++++-----------
 1 file changed, 138 insertions(+), 29 deletions(-)

commit 4632272b
Author: Shane P Drafahl <drafahls@gmail.com>
Date:   Sat Sep 3 14:29:53 2016 -0500

    added function initRooms and createRoom, initRooms currently just inserts one room into the grid for testing purposes for the function createRoom

 ShaneDrafahl     | Bin 882034 -> 889111 bytes
 dungeonGame327.c |   1 -
 mapInit.c        |  67 ++++++++++++++++++++++++++++++++++++++++++++++---------
 3 files changed, 57 insertions(+), 11 deletions(-)

commit 71a61276
Author: Shane P Drafahl <drafahls@gmail.com>
Date:   Fri Sep 2 11:51:43 2016 -0500

    fixed some bugs with the display grid function

 cleanSlate.bash | 3 +++
 1 file changed, 3 insertions(+)

commit 6815eaa1
Author: Shane P Drafahl <drafahls@gmail.com>
Date:   Fri Sep 2 00:49:47 2016 -0500

    Created Makefile, created dungeonGame327.c source file that will run the game, I also created mapInit.c and mapInit.h file to
    encapsulate dungeon map code in a library for the main program to use

 .vscode/.browse.VC.db     | Bin 0 -> 225280 bytes
 .vscode/.browse.VC.db-shm | Bin 0 -> 32768 bytes
 .vscode/.browse.VC.db-wal | Bin 0 -> 663352 bytes
 .vscode/launch.json       |  48 +++++++++++++++++++++++++++++++++++++
 Makefile                  |   7 ++++++
 Makefile~                 |   4 ++++
 ShaneDrafahl              | Bin 0 -> 882034 bytes
 debug.bash                |   1 +
 dungeonGame327.c          |  25 ++++++++++++++++++++
 mapInit.c                 |  59 ++++++++++++++++++++++++++++++++++++++++++++++
 mapInit.h                 |   3 +++
 11 files changed, 147 insertions(+)

commit 9f84d9a7
Author: Shane P Drafahl <drafahls@gmail.com>
Date:   Fri Sep 2 00:45:49 2016 -0500

    Added git ignore file

 .gitignore | 2 ++
 1 file changed, 2 insertions(+)
